test
test
test
test
test
test
test
test
test
test
test
test
test
test
test
test
test
test
test
test
test
test
test
test
test
test
test2020-06-20 10:15:38,592  -  * Restarting with stat
2020-06-20 10:15:39,821  -  * Debugger is active!
2020-06-20 10:15:39,822  -  * Debugger PIN: 302-381-999
2020-06-20 10:15:49,824  - 172.19.85.214 - - [20/Jun/2020 10:15:49] "[37mPOST /organizations HTTP/1.1[0m" 200 -
2020-06-20 10:15:49,827  - Meraki dashboard API session initialized with these parameters: {'self': <meraki.rest_session.RestSession object at 0x7f1cdaae11f0>, 'logger': <Logger meraki (INFO)>, 'api_key': '************************************e774', 'base_url': 'https://api.meraki.com/api/v0', 'single_request_timeout': 60, 'certificate_path': '', 'requests_proxy': '', 'wait_on_rate_limit': True, 'nginx_429_retry_wait_time': 60, 'action_batch_retry_wait_time': 60, 'retry_4xx_error': False, 'retry_4xx_error_wait_time': 60, 'maximum_retries': 2, 'simulate': False, 'be_geo_id': None, 'caller': None, '__class__': <class 'meraki.rest_session.RestSession'>}
2020-06-20 10:15:50,328  - Organizations, getOrganizations - 200 OK
2020-06-20 10:15:50,329  - 172.19.85.214 - - [20/Jun/2020 10:15:50] "[37mGET /organizations HTTP/1.1[0m" 200 -
2020-06-20 10:15:52,127  - 172.19.85.214 - - [20/Jun/2020 10:15:52] "[37mPOST /organizations HTTP/1.1[0m" 200 -
2020-06-20 10:15:52,132  - Meraki dashboard API session initialized with these parameters: {'self': <meraki.rest_session.RestSession object at 0x7f1cdaae1970>, 'logger': <Logger meraki (INFO)>, 'api_key': '************************************e774', 'base_url': 'https://api.meraki.com/api/v0', 'single_request_timeout': 60, 'certificate_path': '', 'requests_proxy': '', 'wait_on_rate_limit': True, 'nginx_429_retry_wait_time': 60, 'action_batch_retry_wait_time': 60, 'retry_4xx_error': False, 'retry_4xx_error_wait_time': 60, 'maximum_retries': 2, 'simulate': False, 'be_geo_id': None, 'caller': None, '__class__': <class 'meraki.rest_session.RestSession'>}
2020-06-20 10:15:52,574  - Organizations, getOrganizations - 200 OK
2020-06-20 10:15:52,575  - 172.19.85.214 - - [20/Jun/2020 10:15:52] "[37mGET /organizations HTTP/1.1[0m" 200 -
2020-06-20 10:15:54,008  - 172.19.85.214 - - [20/Jun/2020 10:15:54] "[37mPOST /organizations HTTP/1.1[0m" 200 -
2020-06-20 10:15:54,010  - Meraki dashboard API session initialized with these parameters: {'self': <meraki.rest_session.RestSession object at 0x7f1cd9264460>, 'logger': <Logger meraki (INFO)>, 'api_key': '************************************e774', 'base_url': 'https://api.meraki.com/api/v0', 'single_request_timeout': 60, 'certificate_path': '', 'requests_proxy': '', 'wait_on_rate_limit': True, 'nginx_429_retry_wait_time': 60, 'action_batch_retry_wait_time': 60, 'retry_4xx_error': False, 'retry_4xx_error_wait_time': 60, 'maximum_retries': 2, 'simulate': False, 'be_geo_id': None, 'caller': None, '__class__': <class 'meraki.rest_session.RestSession'>}
2020-06-20 10:15:54,403  - Organizations, getOrganizations - 200 OK
2020-06-20 10:15:54,405  - 172.19.85.214 - - [20/Jun/2020 10:15:54] "[37mGET /organizations HTTP/1.1[0m" 200 -
2020-06-20 10:15:56,115  - 172.19.85.214 - - [20/Jun/2020 10:15:56] "[37mPOST /organizations HTTP/1.1[0m" 200 -
2020-06-20 10:15:56,123  - Meraki dashboard API session initialized with these parameters: {'self': <meraki.rest_session.RestSession object at 0x7f1cd9227d60>, 'logger': <Logger meraki (INFO)>, 'api_key': '************************************e774', 'base_url': 'https://api.meraki.com/api/v0', 'single_request_timeout': 60, 'certificate_path': '', 'requests_proxy': '', 'wait_on_rate_limit': True, 'nginx_429_retry_wait_time': 60, 'action_batch_retry_wait_time': 60, 'retry_4xx_error': False, 'retry_4xx_error_wait_time': 60, 'maximum_retries': 2, 'simulate': False, 'be_geo_id': None, 'caller': None, '__class__': <class 'meraki.rest_session.RestSession'>}
2020-06-20 10:15:56,844  - Organizations, getOrganizations - 200 OK
2020-06-20 10:15:56,845  - 172.19.85.214 - - [20/Jun/2020 10:15:56] "[37mGET /organizations HTTP/1.1[0m" 200 -
2020-06-20 10:15:58,221  - 172.19.85.214 - - [20/Jun/2020 10:15:58] "[37mPOST /organizations HTTP/1.1[0m" 200 -
2020-06-20 10:15:58,225  - Meraki dashboard API session initialized with these parameters: {'self': <meraki.rest_session.RestSession object at 0x7f1cd9231910>, 'logger': <Logger meraki (INFO)>, 'api_key': '************************************e774', 'base_url': 'https://api.meraki.com/api/v0', 'single_request_timeout': 60, 'certificate_path': '', 'requests_proxy': '', 'wait_on_rate_limit': True, 'nginx_429_retry_wait_time': 60, 'action_batch_retry_wait_time': 60, 'retry_4xx_error': False, 'retry_4xx_error_wait_time': 60, 'maximum_retries': 2, 'simulate': False, 'be_geo_id': None, 'caller': None, '__class__': <class 'meraki.rest_session.RestSession'>}
2020-06-20 10:15:58,654  - Organizations, getOrganizations - 200 OK
2020-06-20 10:15:58,655  - 172.19.85.214 - - [20/Jun/2020 10:15:58] "[37mGET /organizations HTTP/1.1[0m" 200 -
2020-06-20 10:15:59,529  -  * Detected change in '/home/cyberdevnet/mer-hacker-dev/api/api.py', reloading
2020-06-20 10:15:59,684  -  * Restarting with stat

ciao
ciao
ciao
ciao
ciao
ciao
ciao
ciao
ciao
ciao
ciao
ciao
ciao
ciao
ciao
ciao
ciao
ciao
ciao
ciao
ciao
ciao
2020-06-20 10:26:24,059  -  * Restarting with stat
2020-06-20 10:26:44,099  -  * Restarting with stat
2020-06-20 10:27:18,541  -  * Restarting with stat
2020-06-20 10:28:59,335  -  * Restarting with stat
WARNING:werkzeug: * Debugger is active!
INFO:werkzeug: * Debugger PIN: 302-381-999
INFO:werkzeug:172.19.85.214 - - [20/Jun/2020 10:29:08] "[37mPOST /organizations HTTP/1.1[0m" 200 -
INFO:meraki:Meraki dashboard API session initialized with these parameters: {'self': <meraki.rest_session.RestSession object at 0x7fd1bd024f10>, 'logger': <Logger meraki (DEBUG)>, 'api_key': '************************************e774', 'base_url': 'https://api.meraki.com/api/v0', 'single_request_timeout': 60, 'certificate_path': '', 'requests_proxy': '', 'wait_on_rate_limit': True, 'nginx_429_retry_wait_time': 60, 'action_batch_retry_wait_time': 60, 'retry_4xx_error': False, 'retry_4xx_error_wait_time': 60, 'maximum_retries': 2, 'simulate': False, 'be_geo_id': None, 'caller': None, '__class__': <class 'meraki.rest_session.RestSession'>}
DEBUG:meraki:{'tags': ['Organizations'], 'operation': 'getOrganizations', 'method': 'GET', 'url': '/organizations', 'params': None}
DEBUG:urllib3.connectionpool:Starting new HTTPS connection (1): api.meraki.com:443
DEBUG:urllib3.connectionpool:https://api.meraki.com:443 "GET /api/v0/organizations HTTP/1.1" 302 None
DEBUG:urllib3.connectionpool:Starting new HTTPS connection (1): n210.meraki.com:443
DEBUG:urllib3.connectionpool:https://n210.meraki.com:443 "GET /api/v0/organizations HTTP/1.1" 200 None
INFO:meraki:Organizations, getOrganizations - 200 OK
INFO:werkzeug:172.19.85.214 - - [20/Jun/2020 10:29:09] "[37mGET /organizations HTTP/1.1[0m" 200 -
INFO:werkzeug:172.19.85.214 - - [20/Jun/2020 10:29:10] "[37mPOST /organizations HTTP/1.1[0m" 200 -
INFO:meraki:Meraki dashboard API session initialized with these parameters: {'self': <meraki.rest_session.RestSession object at 0x7fd1bc7a88b0>, 'logger': <Logger meraki (DEBUG)>, 'api_key': '************************************e774', 'base_url': 'https://api.meraki.com/api/v0', 'single_request_timeout': 60, 'certificate_path': '', 'requests_proxy': '', 'wait_on_rate_limit': True, 'nginx_429_retry_wait_time': 60, 'action_batch_retry_wait_time': 60, 'retry_4xx_error': False, 'retry_4xx_error_wait_time': 60, 'maximum_retries': 2, 'simulate': False, 'be_geo_id': None, 'caller': None, '__class__': <class 'meraki.rest_session.RestSession'>}
DEBUG:meraki:{'tags': ['Organizations'], 'operation': 'getOrganizations', 'method': 'GET', 'url': '/organizations', 'params': None}
DEBUG:urllib3.connectionpool:Starting new HTTPS connection (1): api.meraki.com:443
DEBUG:urllib3.connectionpool:https://api.meraki.com:443 "GET /api/v0/organizations HTTP/1.1" 302 None
DEBUG:urllib3.connectionpool:Starting new HTTPS connection (1): n210.meraki.com:443
DEBUG:urllib3.connectionpool:https://n210.meraki.com:443 "GET /api/v0/organizations HTTP/1.1" 200 None
INFO:meraki:Organizations, getOrganizations - 200 OK
INFO:werkzeug:172.19.85.214 - - [20/Jun/2020 10:29:11] "[37mGET /organizations HTTP/1.1[0m" 200 -
INFO:werkzeug:172.19.85.214 - - [20/Jun/2020 10:29:12] "[37mPOST /organizations HTTP/1.1[0m" 200 -
INFO:meraki:Meraki dashboard API session initialized with these parameters: {'self': <meraki.rest_session.RestSession object at 0x7fd1bc7a87f0>, 'logger': <Logger meraki (DEBUG)>, 'api_key': '************************************e774', 'base_url': 'https://api.meraki.com/api/v0', 'single_request_timeout': 60, 'certificate_path': '', 'requests_proxy': '', 'wait_on_rate_limit': True, 'nginx_429_retry_wait_time': 60, 'action_batch_retry_wait_time': 60, 'retry_4xx_error': False, 'retry_4xx_error_wait_time': 60, 'maximum_retries': 2, 'simulate': False, 'be_geo_id': None, 'caller': None, '__class__': <class 'meraki.rest_session.RestSession'>}
DEBUG:meraki:{'tags': ['Organizations'], 'operation': 'getOrganizations', 'method': 'GET', 'url': '/organizations', 'params': None}
DEBUG:urllib3.connectionpool:Starting new HTTPS connection (1): api.meraki.com:443
DEBUG:urllib3.connectionpool:https://api.meraki.com:443 "GET /api/v0/organizations HTTP/1.1" 302 None
DEBUG:urllib3.connectionpool:Starting new HTTPS connection (1): n210.meraki.com:443
DEBUG:urllib3.connectionpool:https://n210.meraki.com:443 "GET /api/v0/organizations HTTP/1.1" 200 None
INFO:meraki:Organizations, getOrganizations - 200 OK
INFO:werkzeug:172.19.85.214 - - [20/Jun/2020 10:29:13] "[37mGET /organizations HTTP/1.1[0m" 200 -
INFO:werkzeug:172.19.85.214 - - [20/Jun/2020 10:29:15] "[37mPOST /organizations HTTP/1.1[0m" 200 -
INFO:meraki:Meraki dashboard API session initialized with these parameters: {'self': <meraki.rest_session.RestSession object at 0x7fd1bd024cd0>, 'logger': <Logger meraki (DEBUG)>, 'api_key': '************************************e774', 'base_url': 'https://api.meraki.com/api/v0', 'single_request_timeout': 60, 'certificate_path': '', 'requests_proxy': '', 'wait_on_rate_limit': True, 'nginx_429_retry_wait_time': 60, 'action_batch_retry_wait_time': 60, 'retry_4xx_error': False, 'retry_4xx_error_wait_time': 60, 'maximum_retries': 2, 'simulate': False, 'be_geo_id': None, 'caller': None, '__class__': <class 'meraki.rest_session.RestSession'>}
DEBUG:meraki:{'tags': ['Organizations'], 'operation': 'getOrganizations', 'method': 'GET', 'url': '/organizations', 'params': None}
DEBUG:urllib3.connectionpool:Starting new HTTPS connection (1): api.meraki.com:443
DEBUG:urllib3.connectionpool:https://api.meraki.com:443 "GET /api/v0/organizations HTTP/1.1" 302 None
DEBUG:urllib3.connectionpool:Starting new HTTPS connection (1): n210.meraki.com:443
DEBUG:urllib3.connectionpool:https://n210.meraki.com:443 "GET /api/v0/organizations HTTP/1.1" 200 None
INFO:meraki:Organizations, getOrganizations - 200 OK
INFO:werkzeug:172.19.85.214 - - [20/Jun/2020 10:29:16] "[37mGET /organizations HTTP/1.1[0m" 200 -
INFO:werkzeug:172.19.85.214 - - [20/Jun/2020 10:29:18] "[37mPOST /organizations HTTP/1.1[0m" 200 -
INFO:meraki:Meraki dashboard API session initialized with these parameters: {'self': <meraki.rest_session.RestSession object at 0x7fd1bc770190>, 'logger': <Logger meraki (DEBUG)>, 'api_key': '************************************e774', 'base_url': 'https://api.meraki.com/api/v0', 'single_request_timeout': 60, 'certificate_path': '', 'requests_proxy': '', 'wait_on_rate_limit': True, 'nginx_429_retry_wait_time': 60, 'action_batch_retry_wait_time': 60, 'retry_4xx_error': False, 'retry_4xx_error_wait_time': 60, 'maximum_retries': 2, 'simulate': False, 'be_geo_id': None, 'caller': None, '__class__': <class 'meraki.rest_session.RestSession'>}
DEBUG:meraki:{'tags': ['Organizations'], 'operation': 'getOrganizations', 'method': 'GET', 'url': '/organizations', 'params': None}
DEBUG:urllib3.connectionpool:Starting new HTTPS connection (1): api.meraki.com:443
DEBUG:urllib3.connectionpool:https://api.meraki.com:443 "GET /api/v0/organizations HTTP/1.1" 302 None
DEBUG:urllib3.connectionpool:Starting new HTTPS connection (1): n210.meraki.com:443
DEBUG:urllib3.connectionpool:https://n210.meraki.com:443 "GET /api/v0/organizations HTTP/1.1" 200 None
INFO:meraki:Organizations, getOrganizations - 200 OK
INFO:werkzeug:172.19.85.214 - - [20/Jun/2020 10:29:18] "[37mGET /organizations HTTP/1.1[0m" 200 -
INFO:werkzeug:172.19.85.214 - - [20/Jun/2020 10:29:20] "[37mPOST /organizations HTTP/1.1[0m" 200 -
INFO:meraki:Meraki dashboard API session initialized with these parameters: {'self': <meraki.rest_session.RestSession object at 0x7fd1bc770eb0>, 'logger': <Logger meraki (DEBUG)>, 'api_key': '************************************e774', 'base_url': 'https://api.meraki.com/api/v0', 'single_request_timeout': 60, 'certificate_path': '', 'requests_proxy': '', 'wait_on_rate_limit': True, 'nginx_429_retry_wait_time': 60, 'action_batch_retry_wait_time': 60, 'retry_4xx_error': False, 'retry_4xx_error_wait_time': 60, 'maximum_retries': 2, 'simulate': False, 'be_geo_id': None, 'caller': None, '__class__': <class 'meraki.rest_session.RestSession'>}
DEBUG:meraki:{'tags': ['Organizations'], 'operation': 'getOrganizations', 'method': 'GET', 'url': '/organizations', 'params': None}
DEBUG:urllib3.connectionpool:Starting new HTTPS connection (1): api.meraki.com:443
DEBUG:urllib3.connectionpool:https://api.meraki.com:443 "GET /api/v0/organizations HTTP/1.1" 302 None
DEBUG:urllib3.connectionpool:Starting new HTTPS connection (1): n210.meraki.com:443
DEBUG:urllib3.connectionpool:https://n210.meraki.com:443 "GET /api/v0/organizations HTTP/1.1" 200 None
INFO:meraki:Organizations, getOrganizations - 200 OK
INFO:werkzeug:172.19.85.214 - - [20/Jun/2020 10:29:20] "[37mGET /organizations HTTP/1.1[0m" 200 -
INFO:werkzeug:172.19.85.214 - - [20/Jun/2020 10:29:22] "[37mPOST /organizations HTTP/1.1[0m" 200 -
INFO:meraki:Meraki dashboard API session initialized with these parameters: {'self': <meraki.rest_session.RestSession object at 0x7fd1bd0249a0>, 'logger': <Logger meraki (DEBUG)>, 'api_key': '************************************e774', 'base_url': 'https://api.meraki.com/api/v0', 'single_request_timeout': 60, 'certificate_path': '', 'requests_proxy': '', 'wait_on_rate_limit': True, 'nginx_429_retry_wait_time': 60, 'action_batch_retry_wait_time': 60, 'retry_4xx_error': False, 'retry_4xx_error_wait_time': 60, 'maximum_retries': 2, 'simulate': False, 'be_geo_id': None, 'caller': None, '__class__': <class 'meraki.rest_session.RestSession'>}
DEBUG:meraki:{'tags': ['Organizations'], 'operation': 'getOrganizations', 'method': 'GET', 'url': '/organizations', 'params': None}
DEBUG:urllib3.connectionpool:Starting new HTTPS connection (1): api.meraki.com:443
DEBUG:urllib3.connectionpool:https://api.meraki.com:443 "GET /api/v0/organizations HTTP/1.1" 302 None
DEBUG:urllib3.connectionpool:Starting new HTTPS connection (1): n210.meraki.com:443
DEBUG:urllib3.connectionpool:https://n210.meraki.com:443 "GET /api/v0/organizations HTTP/1.1" 200 None
INFO:meraki:Organizations, getOrganizations - 200 OK
INFO:werkzeug:172.19.85.214 - - [20/Jun/2020 10:29:23] "[37mGET /organizations HTTP/1.1[0m" 200 -
INFO:werkzeug: * Running on http://172.19.85.214:5000/ (Press CTRL+C to quit)
INFO:werkzeug: * Restarting with stat
WARNING:werkzeug: * Debugger is active!
INFO:werkzeug: * Debugger PIN: 302-381-999
INFO:werkzeug: * Detected change in '/home/cyberdevnet/mer-hacker-dev/api/api.py', reloading
INFO:werkzeug: * Restarting with stat
INFO:werkzeug:172.19.85.214 - - [20/Jun/2020 10:30:49] "[37mPOST /organizations HTTP/1.1[0m" 200 -
INFO:meraki:Meraki dashboard API session initialized with these parameters: {'self': <meraki.rest_session.RestSession object at 0x7f93f249b460>, 'logger': <Logger meraki (DEBUG)>, 'api_key': '************************************e774', 'base_url': 'https://api.meraki.com/api/v0', 'single_request_timeout': 60, 'certificate_path': '', 'requests_proxy': '', 'wait_on_rate_limit': True, 'nginx_429_retry_wait_time': 60, 'action_batch_retry_wait_time': 60, 'retry_4xx_error': False, 'retry_4xx_error_wait_time': 60, 'maximum_retries': 2, 'simulate': False, 'be_geo_id': None, 'caller': None, '__class__': <class 'meraki.rest_session.RestSession'>}
DEBUG:meraki:{'tags': ['Organizations'], 'operation': 'getOrganizations', 'method': 'GET', 'url': '/organizations', 'params': None}
DEBUG:urllib3.connectionpool:Starting new HTTPS connection (1): api.meraki.com:443
DEBUG:urllib3.connectionpool:https://api.meraki.com:443 "GET /api/v0/organizations HTTP/1.1" 302 None
DEBUG:urllib3.connectionpool:Starting new HTTPS connection (1): n210.meraki.com:443
DEBUG:urllib3.connectionpool:https://n210.meraki.com:443 "GET /api/v0/organizations HTTP/1.1" 200 None
INFO:meraki:Organizations, getOrganizations - 200 OK
INFO:werkzeug:172.19.85.214 - - [20/Jun/2020 10:30:50] "[37mGET /organizations HTTP/1.1[0m" 200 -
INFO:werkzeug:172.19.85.214 - - [20/Jun/2020 10:30:51] "[37mPOST /organizations HTTP/1.1[0m" 200 -
INFO:meraki:Meraki dashboard API session initialized with these parameters: {'self': <meraki.rest_session.RestSession object at 0x7f93f249b820>, 'logger': <Logger meraki (DEBUG)>, 'api_key': '************************************e774', 'base_url': 'https://api.meraki.com/api/v0', 'single_request_timeout': 60, 'certificate_path': '', 'requests_proxy': '', 'wait_on_rate_limit': True, 'nginx_429_retry_wait_time': 60, 'action_batch_retry_wait_time': 60, 'retry_4xx_error': False, 'retry_4xx_error_wait_time': 60, 'maximum_retries': 2, 'simulate': False, 'be_geo_id': None, 'caller': None, '__class__': <class 'meraki.rest_session.RestSession'>}
DEBUG:meraki:{'tags': ['Organizations'], 'operation': 'getOrganizations', 'method': 'GET', 'url': '/organizations', 'params': None}
DEBUG:urllib3.connectionpool:Starting new HTTPS connection (1): api.meraki.com:443
DEBUG:urllib3.connectionpool:https://api.meraki.com:443 "GET /api/v0/organizations HTTP/1.1" 302 None
DEBUG:urllib3.connectionpool:Starting new HTTPS connection (1): n210.meraki.com:443
DEBUG:urllib3.connectionpool:https://n210.meraki.com:443 "GET /api/v0/organizations HTTP/1.1" 200 None
INFO:meraki:Organizations, getOrganizations - 200 OK
INFO:werkzeug:172.19.85.214 - - [20/Jun/2020 10:30:52] "[37mGET /organizations HTTP/1.1[0m" 200 -
INFO:werkzeug:172.19.85.214 - - [20/Jun/2020 10:30:54] "[37mPOST /organizations HTTP/1.1[0m" 200 -
INFO:meraki:Meraki dashboard API session initialized with these parameters: {'self': <meraki.rest_session.RestSession object at 0x7f93f1bce880>, 'logger': <Logger meraki (DEBUG)>, 'api_key': '************************************e774', 'base_url': 'https://api.meraki.com/api/v0', 'single_request_timeout': 60, 'certificate_path': '', 'requests_proxy': '', 'wait_on_rate_limit': True, 'nginx_429_retry_wait_time': 60, 'action_batch_retry_wait_time': 60, 'retry_4xx_error': False, 'retry_4xx_error_wait_time': 60, 'maximum_retries': 2, 'simulate': False, 'be_geo_id': None, 'caller': None, '__class__': <class 'meraki.rest_session.RestSession'>}
DEBUG:meraki:{'tags': ['Organizations'], 'operation': 'getOrganizations', 'method': 'GET', 'url': '/organizations', 'params': None}
DEBUG:urllib3.connectionpool:Starting new HTTPS connection (1): api.meraki.com:443
DEBUG:urllib3.connectionpool:https://api.meraki.com:443 "GET /api/v0/organizations HTTP/1.1" 302 None
DEBUG:urllib3.connectionpool:Starting new HTTPS connection (1): n210.meraki.com:443
DEBUG:urllib3.connectionpool:https://n210.meraki.com:443 "GET /api/v0/organizations HTTP/1.1" 200 None
INFO:meraki:Organizations, getOrganizations - 200 OK
INFO:werkzeug:172.19.85.214 - - [20/Jun/2020 10:30:54] "[37mGET /organizations HTTP/1.1[0m" 200 -
INFO:werkzeug:172.19.85.214 - - [20/Jun/2020 10:30:56] "[37mPOST /organizations HTTP/1.1[0m" 200 -
INFO:meraki:Meraki dashboard API session initialized with these parameters: {'self': <meraki.rest_session.RestSession object at 0x7f93f1bf6490>, 'logger': <Logger meraki (DEBUG)>, 'api_key': '************************************e774', 'base_url': 'https://api.meraki.com/api/v0', 'single_request_timeout': 60, 'certificate_path': '', 'requests_proxy': '', 'wait_on_rate_limit': True, 'nginx_429_retry_wait_time': 60, 'action_batch_retry_wait_time': 60, 'retry_4xx_error': False, 'retry_4xx_error_wait_time': 60, 'maximum_retries': 2, 'simulate': False, 'be_geo_id': None, 'caller': None, '__class__': <class 'meraki.rest_session.RestSession'>}
DEBUG:meraki:{'tags': ['Organizations'], 'operation': 'getOrganizations', 'method': 'GET', 'url': '/organizations', 'params': None}
DEBUG:urllib3.connectionpool:Starting new HTTPS connection (1): api.meraki.com:443
DEBUG:urllib3.connectionpool:https://api.meraki.com:443 "GET /api/v0/organizations HTTP/1.1" 302 None
DEBUG:urllib3.connectionpool:Starting new HTTPS connection (1): n210.meraki.com:443
DEBUG:urllib3.connectionpool:https://n210.meraki.com:443 "GET /api/v0/organizations HTTP/1.1" 200 None
INFO:meraki:Organizations, getOrganizations - 200 OK
INFO:werkzeug:172.19.85.214 - - [20/Jun/2020 10:30:57] "[37mGET /organizations HTTP/1.1[0m" 200 -
INFO:werkzeug:172.19.85.214 - - [20/Jun/2020 10:30:59] "[37mPOST /organizations HTTP/1.1[0m" 200 -
INFO:meraki:Meraki dashboard API session initialized with these parameters: {'self': <meraki.rest_session.RestSession object at 0x7f93f1bee3a0>, 'logger': <Logger meraki (DEBUG)>, 'api_key': '************************************e774', 'base_url': 'https://api.meraki.com/api/v0', 'single_request_timeout': 60, 'certificate_path': '', 'requests_proxy': '', 'wait_on_rate_limit': True, 'nginx_429_retry_wait_time': 60, 'action_batch_retry_wait_time': 60, 'retry_4xx_error': False, 'retry_4xx_error_wait_time': 60, 'maximum_retries': 2, 'simulate': False, 'be_geo_id': None, 'caller': None, '__class__': <class 'meraki.rest_session.RestSession'>}
DEBUG:meraki:{'tags': ['Organizations'], 'operation': 'getOrganizations', 'method': 'GET', 'url': '/organizations', 'params': None}
DEBUG:urllib3.connectionpool:Starting new HTTPS connection (1): api.meraki.com:443
DEBUG:urllib3.connectionpool:https://api.meraki.com:443 "GET /api/v0/organizations HTTP/1.1" 302 None
DEBUG:urllib3.connectionpool:Starting new HTTPS connection (1): n210.meraki.com:443
DEBUG:urllib3.connectionpool:https://n210.meraki.com:443 "GET /api/v0/organizations HTTP/1.1" 200 None
INFO:meraki:Organizations, getOrganizations - 200 OK
INFO:werkzeug:172.19.85.214 - - [20/Jun/2020 10:30:59] "[37mGET /organizations HTTP/1.1[0m" 200 -
INFO:werkzeug:172.19.85.214 - - [20/Jun/2020 10:31:01] "[37mPOST /organizations HTTP/1.1[0m" 200 -
INFO:meraki:Meraki dashboard API session initialized with these parameters: {'self': <meraki.rest_session.RestSession object at 0x7f93f1bee6d0>, 'logger': <Logger meraki (DEBUG)>, 'api_key': '************************************e774', 'base_url': 'https://api.meraki.com/api/v0', 'single_request_timeout': 60, 'certificate_path': '', 'requests_proxy': '', 'wait_on_rate_limit': True, 'nginx_429_retry_wait_time': 60, 'action_batch_retry_wait_time': 60, 'retry_4xx_error': False, 'retry_4xx_error_wait_time': 60, 'maximum_retries': 2, 'simulate': False, 'be_geo_id': None, 'caller': None, '__class__': <class 'meraki.rest_session.RestSession'>}
DEBUG:meraki:{'tags': ['Organizations'], 'operation': 'getOrganizations', 'method': 'GET', 'url': '/organizations', 'params': None}
DEBUG:urllib3.connectionpool:Starting new HTTPS connection (1): api.meraki.com:443
DEBUG:urllib3.connectionpool:https://api.meraki.com:443 "GET /api/v0/organizations HTTP/1.1" 302 None
DEBUG:urllib3.connectionpool:Starting new HTTPS connection (1): n210.meraki.com:443
DEBUG:urllib3.connectionpool:https://n210.meraki.com:443 "GET /api/v0/organizations HTTP/1.1" 200 None
INFO:meraki:Organizations, getOrganizations - 200 OK
INFO:werkzeug:172.19.85.214 - - [20/Jun/2020 10:31:01] "[37mGET /organizations HTTP/1.1[0m" 200 -
INFO:meraki:Meraki dashboard API session initialized with these parameters: {'self': <meraki.rest_session.RestSession object at 0x7f93f249baf0>, 'logger': <Logger meraki (DEBUG)>, 'api_key': '************************************e774', 'base_url': 'https://api.meraki.com/api/v0', 'single_request_timeout': 60, 'certificate_path': '', 'requests_proxy': '', 'wait_on_rate_limit': True, 'nginx_429_retry_wait_time': 60, 'action_batch_retry_wait_time': 60, 'retry_4xx_error': False, 'retry_4xx_error_wait_time': 60, 'maximum_retries': 2, 'simulate': False, 'be_geo_id': None, 'caller': None, '__class__': <class 'meraki.rest_session.RestSession'>}
INFO:werkzeug:172.19.85.214 - - [20/Jun/2020 10:31:03] "[37mPOST /organizations HTTP/1.1[0m" 200 -
DEBUG:meraki:{'tags': ['Organizations'], 'operation': 'getOrganizations', 'method': 'GET', 'url': '/organizations', 'params': None}
DEBUG:urllib3.connectionpool:Starting new HTTPS connection (1): api.meraki.com:443
DEBUG:urllib3.connectionpool:https://api.meraki.com:443 "GET /api/v0/organizations HTTP/1.1" 302 None
DEBUG:urllib3.connectionpool:Starting new HTTPS connection (1): n210.meraki.com:443
INFO:werkzeug: * Running on http://172.19.85.214:5000/ (Press CTRL+C to quit)
INFO:werkzeug:172.19.85.214 - - [20/Jun/2020 10:31:32] "[37mPOST /organizations HTTP/1.1[0m" 200 -
INFO:meraki:Meraki dashboard API session initialized with these parameters: {'self': <meraki.rest_session.RestSession object at 0x7f2c0e99d520>, 'logger': <Logger meraki (DEBUG)>, 'api_key': '************************************e774', 'base_url': 'https://api.meraki.com/api/v0', 'single_request_timeout': 60, 'certificate_path': '', 'requests_proxy': '', 'wait_on_rate_limit': True, 'nginx_429_retry_wait_time': 60, 'action_batch_retry_wait_time': 60, 'retry_4xx_error': False, 'retry_4xx_error_wait_time': 60, 'maximum_retries': 2, 'simulate': False, 'be_geo_id': None, 'caller': None, '__class__': <class 'meraki.rest_session.RestSession'>}
DEBUG:meraki:{'tags': ['Organizations'], 'operation': 'getOrganizations', 'method': 'GET', 'url': '/organizations', 'params': None}
DEBUG:urllib3.connectionpool:Starting new HTTPS connection (1): api.meraki.com:443
DEBUG:urllib3.connectionpool:https://api.meraki.com:443 "GET /api/v0/organizations HTTP/1.1" 302 None
DEBUG:urllib3.connectionpool:Starting new HTTPS connection (1): n210.meraki.com:443
DEBUG:urllib3.connectionpool:https://n210.meraki.com:443 "GET /api/v0/organizations HTTP/1.1" 200 None
INFO:meraki:Organizations, getOrganizations - 200 OK
INFO:werkzeug:172.19.85.214 - - [20/Jun/2020 10:31:32] "[37mGET /organizations HTTP/1.1[0m" 200 -
INFO:werkzeug:172.19.85.214 - - [20/Jun/2020 10:31:34] "[37mPOST /organizations HTTP/1.1[0m" 200 -
INFO:meraki:Meraki dashboard API session initialized with these parameters: {'self': <meraki.rest_session.RestSession object at 0x7f2c0e99d580>, 'logger': <Logger meraki (DEBUG)>, 'api_key': '************************************e774', 'base_url': 'https://api.meraki.com/api/v0', 'single_request_timeout': 60, 'certificate_path': '', 'requests_proxy': '', 'wait_on_rate_limit': True, 'nginx_429_retry_wait_time': 60, 'action_batch_retry_wait_time': 60, 'retry_4xx_error': False, 'retry_4xx_error_wait_time': 60, 'maximum_retries': 2, 'simulate': False, 'be_geo_id': None, 'caller': None, '__class__': <class 'meraki.rest_session.RestSession'>}
DEBUG:meraki:{'tags': ['Organizations'], 'operation': 'getOrganizations', 'method': 'GET', 'url': '/organizations', 'params': None}
DEBUG:urllib3.connectionpool:Starting new HTTPS connection (1): api.meraki.com:443
DEBUG:urllib3.connectionpool:https://api.meraki.com:443 "GET /api/v0/organizations HTTP/1.1" 302 None
DEBUG:urllib3.connectionpool:Starting new HTTPS connection (1): n210.meraki.com:443
DEBUG:urllib3.connectionpool:https://n210.meraki.com:443 "GET /api/v0/organizations HTTP/1.1" 200 None
INFO:meraki:Organizations, getOrganizations - 200 OK
INFO:werkzeug:172.19.85.214 - - [20/Jun/2020 10:31:35] "[37mGET /organizations HTTP/1.1[0m" 200 -
INFO:werkzeug:172.19.85.214 - - [20/Jun/2020 10:31:37] "[37mPOST /organizations HTTP/1.1[0m" 200 -
INFO:meraki:Meraki dashboard API session initialized with these parameters: {'self': <meraki.rest_session.RestSession object at 0x7f2c0e17a730>, 'logger': <Logger meraki (DEBUG)>, 'api_key': '************************************e774', 'base_url': 'https://api.meraki.com/api/v0', 'single_request_timeout': 60, 'certificate_path': '', 'requests_proxy': '', 'wait_on_rate_limit': True, 'nginx_429_retry_wait_time': 60, 'action_batch_retry_wait_time': 60, 'retry_4xx_error': False, 'retry_4xx_error_wait_time': 60, 'maximum_retries': 2, 'simulate': False, 'be_geo_id': None, 'caller': None, '__class__': <class 'meraki.rest_session.RestSession'>}
DEBUG:meraki:{'tags': ['Organizations'], 'operation': 'getOrganizations', 'method': 'GET', 'url': '/organizations', 'params': None}
DEBUG:urllib3.connectionpool:Starting new HTTPS connection (1): api.meraki.com:443
DEBUG:urllib3.connectionpool:https://api.meraki.com:443 "GET /api/v0/organizations HTTP/1.1" 302 None
DEBUG:urllib3.connectionpool:Starting new HTTPS connection (1): n210.meraki.com:443
