Writing script file admin_build_meraki_switchconfig.py
Interface Port-channel3 ignored
Interface Port-channel4 ignored
Interface Port-channel5 ignored
Interface FastEthernet0 ignored
Writing Switchport GigabitEthernet1/0/1
Switch aaaa-1112-jjjj
Writing Switchport GigabitEthernet1/0/2
Switch aaaa-1112-jjjj
Writing Switchport GigabitEthernet1/0/3
Switch aaaa-1112-jjjj
Writing Switchport GigabitEthernet1/0/4
Switch aaaa-1112-jjjj
Writing Switchport GigabitEthernet1/0/5
Switch aaaa-1112-jjjj
Writing Switchport GigabitEthernet1/0/6
Switch aaaa-1112-jjjj
Writing Switchport GigabitEthernet1/0/7
Switch aaaa-1112-jjjj
Writing Switchport GigabitEthernet1/0/8
Switch aaaa-1112-jjjj
Writing Switchport GigabitEthernet1/0/9
Switch aaaa-1112-jjjj
Writing Switchport GigabitEthernet1/0/10
Switch aaaa-1112-jjjj
Writing Switchport GigabitEthernet1/0/11
Switch aaaa-1112-jjjj
Writing Switchport GigabitEthernet1/0/12
Switch aaaa-1112-jjjj
Writing Switchport GigabitEthernet1/0/13
Switch aaaa-1112-jjjj
Writing Switchport GigabitEthernet1/0/14
Switch aaaa-1112-jjjj
Writing Switchport GigabitEthernet1/0/15
Switch aaaa-1112-jjjj
Writing Switchport GigabitEthernet1/0/16
Switch aaaa-1112-jjjj
Writing Switchport GigabitEthernet1/0/17
Switch aaaa-1112-jjjj
Writing Switchport GigabitEthernet1/0/18
Switch aaaa-1112-jjjj
Writing Switchport GigabitEthernet1/0/19
Switch aaaa-1112-jjjj
Writing Switchport GigabitEthernet1/0/20
Switch aaaa-1112-jjjj
Writing Switchport GigabitEthernet1/0/21
Switch aaaa-1112-jjjj
Writing Switchport GigabitEthernet1/0/22
Switch aaaa-1112-jjjj
Writing Switchport GigabitEthernet1/0/23
Switch aaaa-1112-jjjj
Writing Switchport GigabitEthernet1/0/24
Switch aaaa-1112-jjjj
Writing Switchport GigabitEthernet1/0/25
Switch aaaa-1112-jjjj
Writing Switchport GigabitEthernet1/0/26
Switch aaaa-1112-jjjj
Writing Switchport GigabitEthernet1/0/27
Switch aaaa-1112-jjjj
Writing Switchport GigabitEthernet1/0/28
Switch aaaa-1112-jjjj
Writing Switchport GigabitEthernet1/0/29
Switch aaaa-1112-jjjj
Writing Switchport GigabitEthernet1/0/30
Switch aaaa-1112-jjjj
Interface Vlan1 ignored
Interface Vlan100 ignored
Writing complete, check the script before restore.
