Starting Backup
Writing script file jdoe_meraki_restore_network.py
Writing admins
Writing mx_vpn_fw_rules
Writing snmp_settings
Writing non_meraki_vpn_peers
Writing mx vlans
warning: MX VLANs disabled - wont be able to restore IP addressing
Writing mx cellular fw rules
Writing mx l3 fw rules
Writing vpn settings
Writing ssid settings
Writing device properties
Writing switch ports
warning: device Q2LD-GYL3-KEHX is not a Switch, skipping.
warning: device Q2LD-AN9B-S6AJ is not a Switch, skipping.
warning: device Q2LD-ZWCZ-UA77 is not a Switch, skipping.
warning: device Q2LD-3Y7V-7Y2X is not a Switch, skipping.
warning: device Q2EK-UKGM-XSD9 is not a Switch, skipping.
warning: device Q2GV-LDX2-53ZA is not a Switch, skipping.
warning: device Q2SW-SWQ2-HZ9L is not a Switch, skipping.
Writing complete, check the script before restore.
